mode: atomic
github.com/rosspatil/sql-db-mocking/mock/mydb_mock.go:28.55,32.2 3 0
github.com/rosspatil/sql-db-mocking/mock/mydb_mock.go:35.53,37.2 1 0
github.com/rosspatil/sql-db-mocking/mock/mydb_mock.go:40.46,46.2 5 0
github.com/rosspatil/sql-db-mocking/mock/mydb_mock.go:49.55,52.2 2 0
github.com/rosspatil/sql-db-mocking/mock/mydb_mock.go:55.88,61.2 5 0
github.com/rosspatil/sql-db-mocking/mock/mydb_mock.go:64.78,67.2 2 0
github.com/rosspatil/sql-db-mocking/mock/mydb_mock.go:70.35,75.2 4 0
github.com/rosspatil/sql-db-mocking/mock/mydb_mock.go:78.55,81.2 2 0
github.com/rosspatil/sql-db-mocking/mock/mydb_mock.go:84.81,87.25 3 0
github.com/rosspatil/sql-db-mocking/mock/mydb_mock.go:90.2,93.19 4 0
github.com/rosspatil/sql-db-mocking/mock/mydb_mock.go:87.25,89.3 1 0
github.com/rosspatil/sql-db-mocking/mock/mydb_mock.go:97.92,101.2 3 0
github.com/rosspatil/sql-db-mocking/mock/mydb_mock.go:104.109,107.25 3 0
github.com/rosspatil/sql-db-mocking/mock/mydb_mock.go:110.2,113.19 4 0
github.com/rosspatil/sql-db-mocking/mock/mydb_mock.go:107.25,109.3 1 0
github.com/rosspatil/sql-db-mocking/mock/mydb_mock.go:117.104,121.2 3 0
github.com/rosspatil/sql-db-mocking/mock/mydb_mock.go:124.34,129.2 4 0
github.com/rosspatil/sql-db-mocking/mock/mydb_mock.go:132.54,135.2 2 0
github.com/rosspatil/sql-db-mocking/mock/mydb_mock.go:138.60,143.2 4 0
github.com/rosspatil/sql-db-mocking/mock/mydb_mock.go:146.76,149.2 2 0
github.com/rosspatil/sql-db-mocking/mock/mydb_mock.go:152.62,158.2 5 0
github.com/rosspatil/sql-db-mocking/mock/mydb_mock.go:161.74,164.2 2 0
github.com/rosspatil/sql-db-mocking/mock/mydb_mock.go:167.90,173.2 5 0
github.com/rosspatil/sql-db-mocking/mock/mydb_mock.go:176.86,179.2 2 0
github.com/rosspatil/sql-db-mocking/mock/mydb_mock.go:182.81,185.25 3 0
github.com/rosspatil/sql-db-mocking/mock/mydb_mock.go:188.2,191.19 4 0
github.com/rosspatil/sql-db-mocking/mock/mydb_mock.go:185.25,187.3 1 0
github.com/rosspatil/sql-db-mocking/mock/mydb_mock.go:195.93,199.2 3 0
github.com/rosspatil/sql-db-mocking/mock/mydb_mock.go:202.109,205.25 3 0
github.com/rosspatil/sql-db-mocking/mock/mydb_mock.go:208.2,211.19 4 0
github.com/rosspatil/sql-db-mocking/mock/mydb_mock.go:205.25,207.3 1 0
github.com/rosspatil/sql-db-mocking/mock/mydb_mock.go:215.105,219.2 3 0
github.com/rosspatil/sql-db-mocking/mock/mydb_mock.go:222.74,225.25 3 0
github.com/rosspatil/sql-db-mocking/mock/mydb_mock.go:228.2,230.13 3 0
github.com/rosspatil/sql-db-mocking/mock/mydb_mock.go:225.25,227.3 1 0
github.com/rosspatil/sql-db-mocking/mock/mydb_mock.go:234.96,238.2 3 0
github.com/rosspatil/sql-db-mocking/mock/mydb_mock.go:241.102,244.25 3 0
github.com/rosspatil/sql-db-mocking/mock/mydb_mock.go:247.2,249.13 3 0
github.com/rosspatil/sql-db-mocking/mock/mydb_mock.go:244.25,246.3 1 0
github.com/rosspatil/sql-db-mocking/mock/mydb_mock.go:253.108,257.2 3 0
github.com/rosspatil/sql-db-mocking/mock/mydb_mock.go:260.57,263.2 2 0
github.com/rosspatil/sql-db-mocking/mock/mydb_mock.go:266.81,269.2 2 0
github.com/rosspatil/sql-db-mocking/mock/mydb_mock.go:272.44,275.2 2 0
github.com/rosspatil/sql-db-mocking/mock/mydb_mock.go:278.78,281.2 2 0
github.com/rosspatil/sql-db-mocking/mydb.go:54.64,55.28 1 9
github.com/rosspatil/sql-db-mocking/mydb.go:58.2,62.8 1 8
github.com/rosspatil/sql-db-mocking/mydb.go:55.28,57.3 1 1
github.com/rosspatil/sql-db-mocking/mydb.go:65.49,70.2 4 12
github.com/rosspatil/sql-db-mocking/mydb.go:79.28,81.2 1 3
github.com/rosspatil/sql-db-mocking/mydb.go:83.80,85.60 2 6
github.com/rosspatil/sql-db-mocking/mydb.go:88.2,88.33 1 6
github.com/rosspatil/sql-db-mocking/mydb.go:85.60,87.3 1 1
github.com/rosspatil/sql-db-mocking/mydb.go:93.54,95.51 2 3
github.com/rosspatil/sql-db-mocking/mydb.go:101.2,103.33 3 3
github.com/rosspatil/sql-db-mocking/mydb.go:107.2,107.44 1 3
github.com/rosspatil/sql-db-mocking/mydb.go:116.2,116.24 1 3
github.com/rosspatil/sql-db-mocking/mydb.go:119.2,119.12 1 1
github.com/rosspatil/sql-db-mocking/mydb.go:95.51,98.3 2 2
github.com/rosspatil/sql-db-mocking/mydb.go:103.33,105.3 1 6
github.com/rosspatil/sql-db-mocking/mydb.go:107.44,109.10 2 6
github.com/rosspatil/sql-db-mocking/mydb.go:112.3,112.26 1 6
github.com/rosspatil/sql-db-mocking/mydb.go:109.10,111.4 1 0
github.com/rosspatil/sql-db-mocking/mydb.go:112.26,114.4 1 1
github.com/rosspatil/sql-db-mocking/mydb.go:116.24,118.3 1 2
github.com/rosspatil/sql-db-mocking/mydb.go:126.75,128.2 1 8
github.com/rosspatil/sql-db-mocking/mydb.go:134.103,137.16 3 8
github.com/rosspatil/sql-db-mocking/mydb.go:143.2,143.35 1 3
github.com/rosspatil/sql-db-mocking/mydb.go:137.16,139.3 1 5
github.com/rosspatil/sql-db-mocking/mydb.go:143.35,145.31 2 4
github.com/rosspatil/sql-db-mocking/mydb.go:148.3,149.17 2 3
github.com/rosspatil/sql-db-mocking/mydb.go:145.31,147.4 1 1
github.com/rosspatil/sql-db-mocking/mydb.go:149.17,151.4 1 2
github.com/rosspatil/sql-db-mocking/mydb.go:163.68,165.2 1 1
github.com/rosspatil/sql-db-mocking/mydb.go:175.96,177.2 1 1
github.com/rosspatil/sql-db-mocking/mydb.go:180.40,182.2 1 0
github.com/rosspatil/sql-db-mocking/mydb.go:189.82,191.2 1 0
github.com/rosspatil/sql-db-mocking/mydb.go:194.29,196.33 2 1
github.com/rosspatil/sql-db-mocking/mydb.go:199.2,199.12 1 1
github.com/rosspatil/sql-db-mocking/mydb.go:196.33,198.3 1 1
github.com/rosspatil/sql-db-mocking/mydb.go:206.75,208.2 1 2
github.com/rosspatil/sql-db-mocking/mydb.go:214.103,216.2 1 2
github.com/rosspatil/sql-db-mocking/mydb.go:224.56,226.2 1 4
github.com/rosspatil/sql-db-mocking/mydb.go:234.84,238.42 2 4
github.com/rosspatil/sql-db-mocking/mydb.go:241.2,241.31 1 3
github.com/rosspatil/sql-db-mocking/mydb.go:238.42,240.3 1 1
github.com/rosspatil/sql-db-mocking/mydb.go:244.77,247.16 3 3
github.com/rosspatil/sql-db-mocking/mydb.go:253.2,253.35 1 1
github.com/rosspatil/sql-db-mocking/mydb.go:247.16,249.3 1 2
github.com/rosspatil/sql-db-mocking/mydb.go:253.35,255.31 2 1
github.com/rosspatil/sql-db-mocking/mydb.go:258.3,259.17 2 1
github.com/rosspatil/sql-db-mocking/mydb.go:255.31,257.4 1 0
github.com/rosspatil/sql-db-mocking/mydb.go:259.17,261.4 1 1
github.com/rosspatil/sql-db-mocking/mydb.go:268.51,270.33 2 1
github.com/rosspatil/sql-db-mocking/mydb.go:270.33,272.3 1 1
github.com/rosspatil/sql-db-mocking/mydb.go:282.38,284.33 2 1
github.com/rosspatil/sql-db-mocking/mydb.go:284.33,286.3 1 1
github.com/rosspatil/sql-db-mocking/mydb.go:293.38,295.33 2 1
github.com/rosspatil/sql-db-mocking/mydb.go:295.33,297.3 1 1
